Circuit: * C:\Users\Rahul Awari\Desktop\LT-Spice\PMOS I-V\Cmoswp.asc

WARNING: Node NC_01 is floating.

WARNING: Less than two connections to node NC_01.  This node is used by M1.
Warning: Pd = 0 is less than W.
Warning: Ps = 0 is less than W.
Warning: Pd = 0 is less than W.
Warning: Ps = 0 is less than W.
Direct Newton iteration for .op point succeeded.

Date: Wed Aug 05 15:08:42 2020
Total elapsed time: 0.105 seconds.

tnom = 27
temp = 27
method = modified trap
totiter = 3227
traniter = 3199
tranpoints = 1472
accept = 1375
rejected = 97
matrix size = 6
fillins = 0
solver = Normal
Matrix Compiler1: 200 bytes object code size  0.1/0.1/[0.0]
Matrix Compiler2: 442 bytes object code size  0.1/0.1/[0.1]

